<?xml version="1.0" encoding="UTF-8"?>
<!-- Generated by org.testng.reporters.JUnitReportReporter -->
<testsuite name="sepgrms.ThemeforestLaunch" tests="1" time="17.918" ignored="0" failures="0" timestamp="05 Mar 2020 06:19:25 GMT" skipped="0" hostname="BLT134" errors="0">
  <testcase name="Themeforestopen" time="17.918" classname="sepgrms.ThemeforestLaunch"/>
</testsuite> <!-- sepgrms.ThemeforestLaunch -->
